{"E:\\Assesment - Dinuka\\assesment-Dinuka\\to-do-task-web-app\\to-do-task-app-backend\\config\\db.js": {"path":"E:\\Assesment - Dinuka\\assesment-Dinuka\\to-do-task-web-app\\to-do-task-app-backend\\config\\db.js","statementMap":{"0":{"start":{"line":1,"column":14},"end":{"line":1,"column":31}},"1":{"start":{"line":2,"column":0},"end":{"line":2,"column":27}},"2":{"start":{"line":4,"column":13},"end":{"line":12,"column":2}},"3":{"start":{"line":14,"column":0},"end":{"line":14,"column":32}}},"fnMap":{},"branchMap":{"0":{"loc":{"start":{"line":7,"column":12},"end":{"line":7,"column":40}},"type":"binary-expr","locations":[{"start":{"line":7,"column":12},"end":{"line":7,"column":35}},{"start":{"line":7,"column":38},"end":{"line":7,"column":40}}],"line":7}},"s":{"0":1,"1":1,"2":1,"3":1},"f":{},"b":{"0":[1,1]},"_coverageSchema":"1a1c01bbd47fc00a2c39e90264f33305004495a9","hash":"c5bd0ab5cb49c2bde4215cb98a3c805c46a6bdc9"}
,"E:\\Assesment - Dinuka\\assesment-Dinuka\\to-do-task-web-app\\to-do-task-app-backend\\controllers\\taskController.js": {"path":"E:\\Assesment - Dinuka\\assesment-Dinuka\\to-do-task-web-app\\to-do-task-app-backend\\controllers\\taskController.js","statementMap":{"0":{"start":{"line":1,"column":11},"end":{"line":1,"column":34}},"1":{"start":{"line":3,"column":23},"end":{"line":8,"column":1}},"2":{"start":{"line":4,"column":17},"end":{"line":6,"column":3}},"3":{"start":{"line":7,"column":2},"end":{"line":7,"column":14}},"4":{"start":{"line":10,"column":19},"end":{"line":16,"column":1}},"5":{"start":{"line":11,"column":19},"end":{"line":14,"column":3}},"6":{"start":{"line":15,"column":2},"end":{"line":15,"column":25}},"7":{"start":{"line":18,"column":21},"end":{"line":20,"column":1}},"8":{"start":{"line":19,"column":2},"end":{"line":19,"column":78}},"9":{"start":{"line":22,"column":0},"end":{"line":22,"column":62}}},"fnMap":{"0":{"name":"(anonymous_0)","decl":{"start":{"line":3,"column":23},"end":{"line":3,"column":24}},"loc":{"start":{"line":3,"column":35},"end":{"line":8,"column":1}},"line":3},"1":{"name":"(anonymous_1)","decl":{"start":{"line":10,"column":19},"end":{"line":10,"column":20}},"loc":{"start":{"line":10,"column":53},"end":{"line":16,"column":1}},"line":10},"2":{"name":"(anonymous_2)","decl":{"start":{"line":18,"column":21},"end":{"line":18,"column":22}},"loc":{"start":{"line":18,"column":35},"end":{"line":20,"column":1}},"line":18}},"branchMap":{},"s":{"0":1,"1":1,"2":1,"3":1,"4":1,"5":1,"6":1,"7":1,"8":1,"9":1},"f":{"0":1,"1":1,"2":1},"b":{},"_coverageSchema":"1a1c01bbd47fc00a2c39e90264f33305004495a9","hash":"b786108fba0d6ef10927e731b70b8171d3be2e49"}
,"E:\\Assesment - Dinuka\\assesment-Dinuka\\to-do-task-web-app\\to-do-task-app-backend\\routes\\route.js": {"path":"E:\\Assesment - Dinuka\\assesment-Dinuka\\to-do-task-web-app\\to-do-task-app-backend\\routes\\route.js","statementMap":{"0":{"start":{"line":1,"column":16},"end":{"line":1,"column":34}},"1":{"start":{"line":2,"column":23},"end":{"line":2,"column":63}},"2":{"start":{"line":3,"column":15},"end":{"line":3,"column":31}},"3":{"start":{"line":6,"column":0},"end":{"line":9,"column":3}},"4":{"start":{"line":7,"column":16},"end":{"line":7,"column":53}},"5":{"start":{"line":8,"column":2},"end":{"line":8,"column":18}},"6":{"start":{"line":11,"column":0},"end":{"line":16,"column":3}},"7":{"start":{"line":12,"column":33},"end":{"line":12,"column":41}},"8":{"start":{"line":13,"column":2},"end":{"line":13,"column":103}},"9":{"start":{"line":13,"column":30},"end":{"line":13,"column":103}},"10":{"start":{"line":14,"column":13},"end":{"line":14,"column":68}},"11":{"start":{"line":15,"column":2},"end":{"line":15,"column":31}},"12":{"start":{"line":18,"column":0},"end":{"line":21,"column":3}},"13":{"start":{"line":19,"column":2},"end":{"line":19,"column":51}},"14":{"start":{"line":20,"column":2},"end":{"line":20,"column":64}},"15":{"start":{"line":23,"column":0},"end":{"line":23,"column":24}}},"fnMap":{"0":{"name":"(anonymous_0)","decl":{"start":{"line":6,"column":16},"end":{"line":6,"column":17}},"loc":{"start":{"line":6,"column":36},"end":{"line":9,"column":1}},"line":6},"1":{"name":"(anonymous_1)","decl":{"start":{"line":11,"column":17},"end":{"line":11,"column":18}},"loc":{"start":{"line":11,"column":37},"end":{"line":16,"column":1}},"line":11},"2":{"name":"(anonymous_2)","decl":{"start":{"line":18,"column":24},"end":{"line":18,"column":25}},"loc":{"start":{"line":18,"column":44},"end":{"line":21,"column":1}},"line":18}},"branchMap":{"0":{"loc":{"start":{"line":13,"column":2},"end":{"line":13,"column":103}},"type":"if","locations":[{"start":{"line":13,"column":2},"end":{"line":13,"column":103}},{"start":{},"end":{}}],"line":13},"1":{"loc":{"start":{"line":13,"column":6},"end":{"line":13,"column":28}},"type":"binary-expr","locations":[{"start":{"line":13,"column":6},"end":{"line":13,"column":12}},{"start":{"line":13,"column":16},"end":{"line":13,"column":28}}],"line":13}},"s":{"0":1,"1":1,"2":1,"3":1,"4":1,"5":1,"6":1,"7":1,"8":1,"9":0,"10":1,"11":1,"12":1,"13":1,"14":1,"15":1},"f":{"0":1,"1":1,"2":1},"b":{"0":[0,1],"1":[1,1]},"_coverageSchema":"1a1c01bbd47fc00a2c39e90264f33305004495a9","hash":"c3d8e894eefe6c9a9d250f07cc9b65c59d475ccc"}
}
